<?xml version='1.0'?>
<ns2:test-suite xmlns:ns2='urn:model.allure.qatools.yandex.ru' start='1651180068260' stop='1651180127879'>
    <name>Test verify uer is able to enter all the details of subject property</name>
    <title>Test verify uer is able to enter all the details of subject property</title>
    <test-cases>
        <test-case start='1651180068260' status='failed' stop='1651180127670'>
            <name>verify all the values under valution</name>
            <title>verify all the values under valution</title>
            <labels/>
            <parameters/>
            <steps/>
            <attachments/>
            <failure>
                <message>expected '--' to include '700000'</message>
                <stack-trace>AssertionError: expected '--' to include '700000'
                    at Home_Equity_Loan.verifyDesktopAppraisalValue (https://design-portal-oscar-cannect-dev.oscarintelligence.net/__cypress/tests?p=cypress\integration\TestVerifyUserIsAbleToEnterAllTheSubjectrPropertydetails.js:261:156)
                    at Context.eval (https://design-portal-oscar-cannect-dev.oscarintelligence.net/__cypress/tests?p=cypress\integration\TestVerifyUserIsAbleToEnterAllTheSubjectrPropertydetails.js:304:20)</stack-trace>
            </failure>
        </test-case>
    </test-cases>
</ns2:test-suite>